  [1m[36m (583.6ms)[0m  [1mCREATE TABLE "schema_migrations" ("version" varchar NOT NULL) [0m
  [1m[35m (0.4ms)[0m  select sqlite_version(*)
  [1m[36m (187.4ms)[0m  [1mCREATE UNIQUE INDEX "unique_schema_migrations" ON "schema_migrations" ("version")[0m
  [1m[35mActiveRecord::SchemaMigration Load (0.5ms)[0m  SELECT "schema_migrations".* FROM "schema_migrations"
Migrating to CreateUsers (20160610193540)
  [1m[36m (0.3ms)[0m  [1mbegin transaction[0m
  [1m[35m (4.9ms)[0m  CREATE TABLE "users" ("id" INTEGER PRIMARY KEY AUTOINCREMENT NOT NULL, "name" varchar, "email" varchar, "password" varchar, "created_at" datetime NOT NULL, "updated_at" datetime NOT NULL) 
  [1m[36mSQL (0.5ms)[0m  [1mINSERT INTO "schema_migrations" ("version") VALUES (?)[0m  [["version", "20160610193540"]]
  [1m[35m (209.9ms)[0m  commit transaction
Migrating to CreateHeros (20160610193704)
  [1m[36m (0.3ms)[0m  [1mbegin transaction[0m
  [1m[35m (1.2ms)[0m  CREATE TABLE "heros" ("id" INTEGER PRIMARY KEY AUTOINCREMENT NOT NULL, "name" varchar, "power" varchar, "type_of" integer, "owner" boolean, "status" integer, "created_at" datetime NOT NULL, "updated_at" datetime NOT NULL) 
  [1m[36mSQL (0.5ms)[0m  [1mINSERT INTO "schema_migrations" ("version") VALUES (?)[0m  [["version", "20160610193704"]]
  [1m[35m (228.1ms)[0m  commit transaction
Migrating to CreateOrders (20160610193828)
  [1m[36m (0.2ms)[0m  [1mbegin transaction[0m
  [1m[35m (0.7ms)[0m  CREATE TABLE "orders" ("id" INTEGER PRIMARY KEY AUTOINCREMENT NOT NULL, "amount" float, "user_id" integer, "created_at" datetime NOT NULL, "updated_at" datetime NOT NULL) 
  [1m[36m (0.3ms)[0m  [1mCREATE  INDEX "index_orders_on_user_id" ON "orders" ("user_id")[0m
  [1m[35mSQL (0.3ms)[0m  INSERT INTO "schema_migrations" ("version") VALUES (?)  [["version", "20160610193828"]]
  [1m[36m (172.5ms)[0m  [1mcommit transaction[0m
Migrating to CreateJoinTableHeroOrder (20160610193910)
  [1m[35m (0.3ms)[0m  begin transaction
  [1m[36m (1.0ms)[0m  [1mCREATE TABLE "heros_orders" ("hero_id" integer NOT NULL, "order_id" integer NOT NULL) [0m
  [1m[35mSQL (0.5ms)[0m  INSERT INTO "schema_migrations" ("version") VALUES (?)  [["version", "20160610193910"]]
  [1m[36m (261.0ms)[0m  [1mcommit transaction[0m
  [1m[35mActiveRecord::SchemaMigration Load (0.2ms)[0m  SELECT "schema_migrations".* FROM "schema_migrations"
  [1m[36m (0.3ms)[0m  [1m            SELECT sql
            FROM sqlite_master
            WHERE name='index_orders_on_user_id' AND type='index'
            UNION ALL
            SELECT sql
            FROM sqlite_temp_master
            WHERE name='index_orders_on_user_id' AND type='index'
[0m
  [1m[36mActiveRecord::SchemaMigration Load (0.1ms)[0m  [1mSELECT "schema_migrations".* FROM "schema_migrations"[0m
  [1m[35m (0.1ms)[0m  begin transaction
  [1m[36mSQL (0.4ms)[0m  [1mINSERT INTO "heros" ("name", "power", "type_of", "owner", "status", "created_at", "updated_at") VALUES (?, ?, ?, ?, ?, ?, ?)[0m  [["name", "Goku"], ["power", "Ki"], ["type_of", 0], ["owner", "t"], ["status", 0], ["created_at", "2016-06-10 19:46:00.411692"], ["updated_at", "2016-06-10 19:46:00.411692"]]
  [1m[35m (200.3ms)[0m  commit transaction
  [1m[36m (0.1ms)[0m  [1mbegin transaction[0m
  [1m[35mSQL (0.2ms)[0m  INSERT INTO "heros" ("name", "power", "type_of", "owner", "status", "created_at", "updated_at") VALUES (?, ?, ?, ?, ?, ?, ?)  [["name", "Hombre de Hierro"], ["power", "Inventa Vainas"], ["type_of", 0], ["owner", "t"], ["status", 0], ["created_at", "2016-06-10 19:46:00.617075"], ["updated_at", "2016-06-10 19:46:00.617075"]]
  [1m[36m (150.9ms)[0m  [1mcommit transaction[0m
  [1m[35m (0.1ms)[0m  begin transaction
  [1m[36mSQL (0.5ms)[0m  [1mINSERT INTO "users" ("name", "email", "password", "created_at", "updated_at") VALUES (?, ?, ?, ?, ?)[0m  [["name", "Innochente"], ["email", "dictadormarico69@msn.com"], ["password", "soylaloca"], ["created_at", "2016-06-10 19:46:00.785629"], ["updated_at", "2016-06-10 19:46:00.785629"]]
  [1m[35m (183.1ms)[0m  commit transaction
  [1m[36m (0.1ms)[0m  [1mbegin transaction[0m
  [1m[35mSQL (0.3ms)[0m  INSERT INTO "users" ("name", "email", "password", "created_at", "updated_at") VALUES (?, ?, ?, ?, ?)  [["name", "El Lider"], ["email", "liderandoando@msn.com"], ["password", "soyyoperrito"], ["created_at", "2016-06-10 19:46:00.972576"], ["updated_at", "2016-06-10 19:46:00.972576"]]
  [1m[36m (186.0ms)[0m  [1mcommit transaction[0m
  [1m[36mHero Load (1.6ms)[0m  [1mSELECT "heros".* FROM "heros"[0m
  [1m[35mUser Load (0.5ms)[0m  SELECT "users".* FROM "users"
  [1m[36mOrder Load (0.4ms)[0m  [1mSELECT "orders".* FROM "orders"[0m
  [1m[35m (0.2ms)[0m  begin transaction
  [1m[36mSQL (0.9ms)[0m  [1mINSERT INTO "orders" ("created_at", "updated_at") VALUES (?, ?)[0m  [["created_at", "2016-06-10 19:46:34.335002"], ["updated_at", "2016-06-10 19:46:34.335002"]]
  [1m[35m (162.4ms)[0m  commit transaction
  [1m[36m (0.2ms)[0m  [1mbegin transaction[0m
  [1m[35mSQL (0.3ms)[0m  DELETE FROM "heros_orders" WHERE "heros_orders"."order_id" = ?  [["order_id", 1]]
  [1m[36mSQL (0.6ms)[0m  [1mDELETE FROM "orders" WHERE "orders"."id" = ?[0m  [["id", 1]]
  [1m[35m (161.3ms)[0m  commit transaction
  [1m[36mUser Load (0.6ms)[0m  [1mSELECT  "users".* FROM "users"  ORDER BY "users"."id" ASC LIMIT 1[0m
  [1m[35mOrder Load (0.5ms)[0m  SELECT "orders".* FROM "orders" WHERE "orders"."user_id" = ?  [["user_id", 1]]
  [1m[36m (0.2ms)[0m  [1mbegin transaction[0m
  [1m[35mSQL (0.8ms)[0m  INSERT INTO "orders" ("amount", "user_id", "created_at", "updated_at") VALUES (?, ?, ?, ?)  [["amount", 1000.0], ["user_id", 1], ["created_at", "2016-06-10 19:48:43.480282"], ["updated_at", "2016-06-10 19:48:43.480282"]]
  [1m[36m (172.5ms)[0m  [1mcommit transaction[0m
  [1m[35mHero Load (0.5ms)[0m  SELECT  "heros".* FROM "heros"  ORDER BY "heros"."id" ASC LIMIT 1
  [1m[36m (0.3ms)[0m  [1mbegin transaction[0m
  [1m[35mSQL (0.7ms)[0m  INSERT INTO "heros_orders" ("order_id", "hero_id") VALUES (?, ?)  [["order_id", 2], ["hero_id", 1]]
  [1m[36m (168.8ms)[0m  [1mcommit transaction[0m
  [1m[35mHero Load (0.6ms)[0m  SELECT  "heros".* FROM "heros"  ORDER BY "heros"."id" ASC LIMIT 1 OFFSET 1
  [1m[36m (0.2ms)[0m  [1mbegin transaction[0m
  [1m[35mSQL (0.5ms)[0m  INSERT INTO "heros_orders" ("order_id", "hero_id") VALUES (?, ?)  [["order_id", 2], ["hero_id", 2]]
  [1m[36m (170.0ms)[0m  [1mcommit transaction[0m
